<?xml version="1.0" encoding="UTF-8"?>
<!-- Generated by org.testng.reporters.JUnitReportReporter -->
<testsuite hostname="Asus" failures="0" tests="1" name="test.Logintest" time="15.949" errors="0" timestamp="2023-06-12T15:41:51 IST" skipped="0">
  <testcase classname="test.Logintest" name="logintest" time="15.949"/>
  <system-out/>
</testsuite> <!-- test.Logintest -->
