<?xml version="1.0" encoding="UTF-8"?>
<!-- Generated by org.testng.reporters.JUnitReportReporter -->
<testsuite hostname="Asus" failures="0" tests="2" name="testngpackage.Testngdemo" time="4.751" errors="0" timestamp="2023-05-26T15:17:40 IST" skipped="0">
  <testcase classname="testngpackage.Testngdemo" name="googleclick" time="2.271"/>
  <system-out/>
  <testcase classname="testngpackage.Testngdemo" name="googletest" time="2.480"/>
  <system-out/>
</testsuite> <!-- testngpackage.Testngdemo -->
