<?xml version="1.0" encoding="UTF-8"?>
<!-- Generated by org.testng.reporters.JUnitReportReporter -->
<testsuite hostname="Asus" failures="0" tests="1" name="testngpackage.Fileuploadrobot" time="2.686" errors="0" timestamp="2023-06-02T16:08:58 IST" skipped="0">
  <testcase classname="testngpackage.Fileuploadrobot" name="testrobots" time="2.686"/>
  <system-out/>
</testsuite> <!-- testngpackage.Fileuploadrobot -->
