<?xml version="1.0" encoding="UTF-8"?>
<!-- Generated by org.testng.reporters.JUnitReportReporter -->
<testsuite hostname="Asus" failures="0" tests="1" name="testngpackage.Xmlfacebook" time="1.811" errors="0" timestamp="2023-05-30T15:51:21 IST" skipped="0">
  <testcase classname="testngpackage.Xmlfacebook" name="testxml" time="1.811"/>
  <system-out/>
</testsuite> <!-- testngpackage.Xmlfacebook -->
