<?xml version="1.0" encoding="UTF-8"?>
<!-- Generated by org.testng.reporters.JUnitReportReporter -->
<testsuite hostname="Asus" failures="0" tests="2" name="testngpackage.Reportssample" time="2.577" errors="0" timestamp="2023-06-06T22:47:34 IST" skipped="0">
  <testcase classname="testngpackage.Reportssample" name="fbtitle" time="1.540"/>
  <system-out/>
  <testcase classname="testngpackage.Reportssample" name="fbbutton" time="1.037"/>
  <system-out/>
</testsuite> <!-- testngpackage.Reportssample -->
