<?xml version="1.0" encoding="UTF-8"?>
<!-- Generated by org.testng.reporters.JUnitReportReporter -->
<testsuite hostname="Asus" failures="0" tests="1" name="testngpackage.Amazonphone" time="14.889" errors="0" timestamp="2023-06-13T16:28:27 IST" skipped="0">
  <testcase classname="testngpackage.Amazonphone" name="testamzn" time="14.889"/>
  <system-out/>
</testsuite> <!-- testngpackage.Amazonphone -->
