<?xml version="1.0" encoding="UTF-8"?>
<!-- Generated by org.testng.reporters.JUnitReportReporter -->
<testsuite hostname="Asus" failures="0" tests="1" name="testngpackage.Exceldouble" time="18.603" errors="0" timestamp="2023-05-31T18:00:47 IST" skipped="0">
  <testcase classname="testngpackage.Exceldouble" name="testexcel" time="18.603"/>
  <system-out/>
</testsuite> <!-- testngpackage.Exceldouble -->
