<?xml version="1.0" encoding="UTF-8"?>
<!-- Generated by org.testng.reporters.JUnitReportReporter -->
<testsuite hostname="Asus" failures="0" tests="1" name="test.Createpagetest" time="5.834" errors="0" timestamp="2023-06-07T15:59:14 IST" skipped="0">
  <testcase classname="test.Createpagetest" name="createpagetest" time="5.834"/>
  <system-out/>
</testsuite> <!-- test.Createpagetest -->
