<?xml version="1.0" encoding="UTF-8"?>
<!-- Generated by org.testng.reporters.JUnitReportReporter -->
<testsuite hostname="Asus" failures="0" tests="1" name="testngpackage.Demodropable" time="7.803" errors="0" timestamp="2023-05-29T15:05:18 IST" skipped="0">
  <testcase classname="testngpackage.Demodropable" name="testdroppable" time="7.803"/>
  <system-out/>
</testsuite> <!-- testngpackage.Demodropable -->
