<?xml version="1.0" encoding="UTF-8"?>
<!-- Generated by org.testng.reporters.JUnitReportReporter -->
<testsuite hostname="Asus" failures="0" tests="1" name="testngpackage.Robotclass" time="8.490" errors="0" timestamp="2023-06-02T16:29:46 IST" skipped="0">
  <testcase classname="testngpackage.Robotclass" name="testrobots" time="8.490"/>
  <system-out/>
</testsuite> <!-- testngpackage.Robotclass -->
