<?xml version="1.0" encoding="UTF-8"?>
<!-- Generated by org.testng.reporters.JUnitReportReporter -->
<testsuite hostname="Asus" failures="0" tests="1" name="testngpackage.Guru99click" time="11.698" errors="0" timestamp="2023-06-13T16:04:30 IST" skipped="0">
  <testcase classname="testngpackage.Guru99click" name="test3" time="11.698"/>
  <system-out/>
</testsuite> <!-- testngpackage.Guru99click -->
