<?xml version="1.0" encoding="UTF-8"?>
<!-- Generated by org.testng.reporters.JUnitReportReporter -->
<testsuite hostname="Asus" failures="0" tests="1" name="testngpackage.Facebookurlgettingmethod" time="11.559" errors="0" timestamp="2023-05-30T16:53:34 IST" skipped="0">
  <testcase classname="testngpackage.Facebookurlgettingmethod" name="testfburl" time="11.559"/>
  <system-out/>
</testsuite> <!-- testngpackage.Facebookurlgettingmethod -->
