<?xml version="1.0" encoding="UTF-8"?>
<!-- Generated by org.testng.reporters.JUnitReportReporter -->
<testsuite hostname="Asus" failures="0" tests="1" name="testngpackage.reddifftestng" time="5.232" errors="0" timestamp="2023-05-26T19:38:20 IST" skipped="0">
  <testcase classname="testngpackage.reddifftestng" name="reddifftest1" time="5.232"/>
  <system-out/>
</testsuite> <!-- testngpackage.reddifftestng -->
