<?xml version="1.0" encoding="UTF-8"?>
<!-- Generated by org.testng.reporters.JUnitReportReporter -->
<testsuite hostname="Asus" failures="0" tests="2" name="testngpackage.Guru99demo" time="7.824" errors="0" timestamp="2023-05-29T16:29:08 IST" skipped="0">
  <testcase classname="testngpackage.Guru99demo" name="test2" time="6.359"/>
  <system-out/>
  <testcase classname="testngpackage.Guru99demo" name="testguru99" time="1.465"/>
  <system-out/>
</testsuite> <!-- testngpackage.Guru99demo -->
