<?xml version="1.0" encoding="UTF-8"?>
<!-- Generated by org.testng.reporters.JUnitReportReporter -->
<testsuite hostname="Asus" failures="0" tests="1" name="testngpackage.Ebay" time="8.744" errors="0" timestamp="2023-05-30T14:10:51 IST" skipped="0">
  <testcase classname="testngpackage.Ebay" name="testebay" time="8.744"/>
  <system-out/>
</testsuite> <!-- testngpackage.Ebay -->
