<?xml version="1.0" encoding="UTF-8"?>
<!-- Generated by org.testng.reporters.JUnitReportReporter -->
<testsuite hostname="Asus" failures="0" tests="1" name="test.Flighttest" time="14.059" errors="0" timestamp="2023-06-07T23:27:23 IST" skipped="0">
  <testcase classname="test.Flighttest" name="flighttest" time="14.059"/>
  <system-out/>
</testsuite> <!-- test.Flighttest -->
