<?xml version="1.0" encoding="UTF-8"?>
<!-- Generated by org.testng.reporters.JUnitReportReporter -->
<testsuite hostname="Asus" failures="0" tests="1" name="testngpackage.Copypaste" time="4.439" errors="0" timestamp="2023-05-29T14:11:22 IST" skipped="0">
  <testcase classname="testngpackage.Copypaste" name="copytest" time="4.439"/>
  <system-out/>
</testsuite> <!-- testngpackage.Copypaste -->
