<?xml version="1.0" encoding="UTF-8"?>
<!-- Generated by org.testng.reporters.JUnitReportReporter -->
<testsuite hostname="Asus" failures="0" tests="1" name="testngpackage.Justdialclose" time="2.949" errors="0" timestamp="2023-06-12T15:19:31 IST" skipped="0">
  <testcase classname="testngpackage.Justdialclose" name="test1" time="2.949"/>
  <system-out/>
</testsuite> <!-- testngpackage.Justdialclose -->
