<?xml version="1.0" encoding="UTF-8"?>
<!-- Generated by org.testng.reporters.JUnitReportReporter -->
<testsuite hostname="Asus" failures="0" tests="1" name="testngpackage.Assertionreddiff" time="11.454" errors="0" timestamp="2023-06-02T12:43:30 IST" skipped="0">
  <testcase classname="testngpackage.Assertionreddiff" name="asserreddifftest" time="11.454"/>
  <system-out/>
</testsuite> <!-- testngpackage.Assertionreddiff -->
