<?xml version="1.0" encoding="UTF-8"?>
<!-- Generated by org.testng.reporters.JUnitReportReporter -->
<testsuite hostname="Asus" failures="0" tests="2" name="testngpackage.groupingdemo" time="4.146" errors="0" timestamp="2023-05-26T17:01:13 IST" skipped="0">
  <testcase classname="testngpackage.groupingdemo" name="googletext" time="0.913"/>
  <system-out/>
  <testcase classname="testngpackage.groupingdemo" name="googletest" time="3.233"/>
  <system-out/>
</testsuite> <!-- testngpackage.groupingdemo -->
