<?xml version="1.0" encoding="UTF-8"?>
<!-- Generated by org.testng.reporters.JUnitReportReporter -->
<testsuite hostname="Asus" failures="0" tests="1" name="testngpackage.Uploadfileguru99" time="8.911" errors="0" timestamp="2023-06-01T15:29:45 IST" skipped="0">
  <testcase classname="testngpackage.Uploadfileguru99" name="testupload" time="8.911"/>
  <system-out/>
</testsuite> <!-- testngpackage.Uploadfileguru99 -->
