<?xml version="1.0" encoding="UTF-8"?>
<!-- Generated by org.testng.reporters.JUnitReportReporter -->
<testsuite hostname="Asus" failures="0" tests="1" name="testngpackage.Expediadate" time="9.801" errors="0" timestamp="2023-06-06T23:01:00 IST" skipped="0">
  <testcase classname="testngpackage.Expediadate" name="testexp" time="9.801"/>
  <system-out/>
</testsuite> <!-- testngpackage.Expediadate -->
